# JRE version: OpenJDK Runtime Environment Temurin-17.0.5+8 (17.0.5+8) (build 17.0.5+8)
# Java VM: OpenJDK 64-Bit Server VM Temurin-17.0.5+8 (17.0.5+8, mixed mode, tiered, compressed oops, compressed class ptrs, parallel gc, windows-amd64)
GC Precious Log:
 CPUs: 4 total, 4 available
 Memory: 8077M
 Large Page Support: Disabled
 NUMA Support: Disabled
 Compressed Oops: Enabled (32-bit)
 Alignments: Space 512K, Generation 512K, Heap 2M
 Heap Min Capacity: 100M
 Heap Initial Capacity: 100M
 Heap Max Capacity: 1G
 Pre-touch: Disabled
 Parallel Workers: 4
Heap:
 PSYoungGen      total 3072K, used 592K [0x00000000eab00000, 0x00000000eaf00000, 0x0000000100000000)
  eden space 2048K, 0% used [0x00000000eab00000,0x00000000eab00000,0x00000000ead00000)
  from space 1024K, 57% used [0x00000000ead00000,0x00000000ead94030,0x00000000eae00000)
  to   space 1024K, 0% used [0x00000000eae00000,0x00000000eae00000,0x00000000eaf00000)
 ParOldGen       total 109056K, used 108806K [0x00000000c0000000, 0x00000000c6a80000, 0x00000000eab00000)
  object space 109056K, 99% used [0x00000000c0000000,0x00000000c6a41960,0x00000000c6a80000)
 Metaspace       used 88883K, committed 89984K, reserved 1130496K
  class space    used 9069K, committed 9600K, reserved 1048576K
GC Heap History (20 events):
Event: 42418.422 GC heap after
{Heap after GC invocations=9295 (full 82):
 PSYoungGen      total 3072K, used 624K [0x00000000eab00000, 0x00000000eaf00000, 0x0000000100000000)
  eden space 2048K, 0% used [0x00000000eab00000,0x00000000eab00000,0x00000000ead00000)
  from space 1024K, 60% used [0x00000000eae00000,0x00000000eae9c010,0x00000000eaf00000)
  to   space 1024K, 0% used [0x00000000ead00000,0x00000000ead00000,0x00000000eae00000)
 ParOldGen       total 109056K, used 105164K [0x00000000c0000000, 0x00000000c6a80000, 0x00000000eab00000)
  object space 109056K, 96% used [0x00000000c0000000,0x00000000c66b3048,0x00000000c6a80000)
 Metaspace       used 88866K, committed 89984K, reserved 1130496K
  class space    used 9069K, committed 9600K, reserved 1048576K
}
Event: 42418.501 GC heap before
{Heap before GC invocations=9296 (full 82):
 PSYoungGen      total 3072K, used 2672K [0x00000000eab00000, 0x00000000eaf00000, 0x0000000100000000)
  eden space 2048K, 100% used [0x00000000eab00000,0x00000000ead00000,0x00000000ead00000)
  from space 1024K, 60% used [0x00000000eae00000,0x00000000eae9c010,0x00000000eaf00000)
  to   space 1024K, 0% used [0x00000000ead00000,0x00000000ead00000,0x00000000eae00000)
 ParOldGen       total 109056K, used 105164K [0x00000000c0000000, 0x00000000c6a80000, 0x00000000eab00000)
  object space 109056K, 96% used [0x00000000c0000000,0x00000000c66b3048,0x00000000c6a80000)
 Metaspace       used 88866K, committed 89984K, reserved 1130496K
  class space    used 9069K, committed 9600K, reserved 1048576K
}
Event: 42418.504 GC heap after
{Heap after GC invocations=9296 (full 82):
 PSYoungGen      total 3072K, used 416K [0x00000000eab00000, 0x00000000eae80000, 0x0000000100000000)
  eden space 2048K, 0% used [0x00000000eab00000,0x00000000eab00000,0x00000000ead00000)
  from space 1024K, 40% used [0x00000000ead00000,0x00000000ead68000,0x00000000eae00000)
  to   space 512K, 0% used [0x00000000eae00000,0x00000000eae00000,0x00000000eae80000)
 ParOldGen       total 109056K, used 105731K [0x00000000c0000000, 0x00000000c6a80000, 0x00000000eab00000)
  object space 109056K, 96% used [0x00000000c0000000,0x00000000c6740d18,0x00000000c6a80000)
 Metaspace       used 88866K, committed 89984K, reserved 1130496K
  class space    used 9069K, committed 9600K, reserved 1048576K
}
Event: 42418.633 GC heap before
{Heap before GC invocations=9297 (full 82):
 PSYoungGen      total 3072K, used 2463K [0x00000000eab00000, 0x00000000eae80000, 0x0000000100000000)
  eden space 2048K, 99% used [0x00000000eab00000,0x00000000eacffff0,0x00000000ead00000)
  from space 1024K, 40% used [0x00000000ead00000,0x00000000ead68000,0x00000000eae00000)
  to   space 512K, 0% used [0x00000000eae00000,0x00000000eae00000,0x00000000eae80000)
 ParOldGen       total 109056K, used 105731K [0x00000000c0000000, 0x00000000c6a80000, 0x00000000eab00000)
  object space 109056K, 96% used [0x00000000c0000000,0x00000000c6740d18,0x00000000c6a80000)
 Metaspace       used 88866K, committed 89984K, reserved 1130496K
  class space    used 9069K, committed 9600K, reserved 1048576K
}
Event: 42418.635 GC heap after
{Heap after GC invocations=9297 (full 82):
 PSYoungGen      total 2560K, used 128K [0x00000000eab00000, 0x00000000eae80000, 0x0000000100000000)
  eden space 2048K, 0% used [0x00000000eab00000,0x00000000eab00000,0x00000000ead00000)
  from space 512K, 25% used [0x00000000eae00000,0x00000000eae20000,0x00000000eae80000)
  to   space 512K, 0% used [0x00000000ead80000,0x00000000ead80000,0x00000000eae00000)
 ParOldGen       total 109056K, used 106095K [0x00000000c0000000, 0x00000000c6a80000, 0x00000000eab00000)
  object space 109056K, 97% used [0x00000000c0000000,0x00000000c679bee0,0x00000000c6a80000)
 Metaspace       used 88866K, committed 89984K, reserved 1130496K
  class space    used 9069K, committed 9600K, reserved 1048576K
}
Event: 42418.649 GC heap before
{Heap before GC invocations=9298 (full 82):
 PSYoungGen      total 2560K, used 2176K [0x00000000eab00000, 0x00000000eae80000, 0x0000000100000000)
  eden space 2048K, 100% used [0x00000000eab00000,0x00000000ead00000,0x00000000ead00000)
  from space 512K, 25% used [0x00000000eae00000,0x00000000eae20000,0x00000000eae80000)
  to   space 512K, 0% used [0x00000000ead80000,0x00000000ead80000,0x00000000eae00000)
 ParOldGen       total 109056K, used 106095K [0x00000000c0000000, 0x00000000c6a80000, 0x00000000eab00000)
  object space 109056K, 97% used [0x00000000c0000000,0x00000000c679bee0,0x00000000c6a80000)
 Metaspace       used 88866K, committed 89984K, reserved 1130496K
  class space    used 9069K, committed 9600K, reserved 1048576K
}
Event: 42418.651 GC heap after
{Heap after GC invocations=9298 (full 82):
 PSYoungGen      total 2560K, used 512K [0x00000000eab00000, 0x00000000eaf00000, 0x0000000100000000)
  eden space 2048K, 0% used [0x00000000eab00000,0x00000000eab00000,0x00000000ead00000)
  from space 512K, 100% used [0x00000000ead80000,0x00000000eae00000,0x00000000eae00000)
  to   space 1024K, 0% used [0x00000000eae00000,0x00000000eae00000,0x00000000eaf00000)
 ParOldGen       total 109056K, used 106372K [0x00000000c0000000, 0x00000000c6a80000, 0x00000000eab00000)
  object space 109056K, 97% used [0x00000000c0000000,0x00000000c67e13a0,0x00000000c6a80000)
 Metaspace       used 88866K, committed 89984K, reserved 1130496K
  class space    used 9069K, committed 9600K, reserved 1048576K
}
Event: 42419.131 GC heap before
{Heap before GC invocations=9299 (full 82):
 PSYoungGen      total 2560K, used 2560K [0x00000000eab00000, 0x00000000eaf00000, 0x0000000100000000)
  eden space 2048K, 100% used [0x00000000eab00000,0x00000000ead00000,0x00000000ead00000)
  from space 512K, 100% used [0x00000000ead80000,0x00000000eae00000,0x00000000eae00000)
  to   space 1024K, 0% used [0x00000000eae00000,0x00000000eae00000,0x00000000eaf00000)
 ParOldGen       total 109056K, used 106372K [0x00000000c0000000, 0x00000000c6a80000, 0x00000000eab00000)
  object space 109056K, 97% used [0x00000000c0000000,0x00000000c67e13a0,0x00000000c6a80000)
 Metaspace       used 88866K, committed 89984K, reserved 1130496K
  class space    used 9069K, committed 9600K, reserved 1048576K
}
Event: 42419.133 GC heap after
{Heap after GC invocations=9299 (full 82):
 PSYoungGen      total 3072K, used 720K [0x00000000eab00000, 0x00000000eaf00000, 0x0000000100000000)
  eden space 2048K, 0% used [0x00000000eab00000,0x00000000eab00000,0x00000000ead00000)
  from space 1024K, 70% used [0x00000000eae00000,0x00000000eaeb4030,0x00000000eaf00000)
  to   space 1024K, 0% used [0x00000000ead00000,0x00000000ead00000,0x00000000eae00000)
 ParOldGen       total 109056K, used 106867K [0x00000000c0000000, 0x00000000c6a80000, 0x00000000eab00000)
  object space 109056K, 97% used [0x00000000c0000000,0x00000000c685cd78,0x00000000c6a80000)
 Metaspace       used 88866K, committed 89984K, reserved 1130496K
  class space    used 9069K, committed 9600K, reserved 1048576K
}
Event: 42419.186 GC heap before
{Heap before GC invocations=9300 (full 82):
 PSYoungGen      total 3072K, used 2768K [0x00000000eab00000, 0x00000000eaf00000, 0x0000000100000000)
  eden space 2048K, 100% used [0x00000000eab00000,0x00000000ead00000,0x00000000ead00000)
  from space 1024K, 70% used [0x00000000eae00000,0x00000000eaeb4030,0x00000000eaf00000)
  to   space 1024K, 0% used [0x00000000ead00000,0x00000000ead00000,0x00000000eae00000)
 ParOldGen       total 109056K, used 106867K [0x00000000c0000000, 0x00000000c6a80000, 0x00000000eab00000)
  object space 109056K, 97% used [0x00000000c0000000,0x00000000c685cd78,0x00000000c6a80000)
 Metaspace       used 88879K, committed 89984K, reserved 1130496K
  class space    used 9069K, committed 9600K, reserved 1048576K
}
Event: 42419.187 GC heap after
{Heap after GC invocations=9300 (full 82):
 PSYoungGen      total 3072K, used 384K [0x00000000eab00000, 0x00000000eae80000, 0x0000000100000000)
  eden space 2048K, 0% used [0x00000000eab00000,0x00000000eab00000,0x00000000ead00000)
  from space 1024K, 37% used [0x00000000ead00000,0x00000000ead60000,0x00000000eae00000)
  to   space 512K, 0% used [0x00000000eae00000,0x00000000eae00000,0x00000000eae80000)
 ParOldGen       total 109056K, used 107503K [0x00000000c0000000, 0x00000000c6a80000, 0x00000000eab00000)
  object space 109056K, 98% used [0x00000000c0000000,0x00000000c68fbc20,0x00000000c6a80000)
 Metaspace       used 88879K, committed 89984K, reserved 1130496K
  class space    used 9069K, committed 9600K, reserved 1048576K
}
Event: 42419.228 GC heap before
{Heap before GC invocations=9301 (full 82):
 PSYoungGen      total 3072K, used 2432K [0x00000000eab00000, 0x00000000eae80000, 0x0000000100000000)
  eden space 2048K, 100% used [0x00000000eab00000,0x00000000ead00000,0x00000000ead00000)
  from space 1024K, 37% used [0x00000000ead00000,0x00000000ead60000,0x00000000eae00000)
  to   space 512K, 0% used [0x00000000eae00000,0x00000000eae00000,0x00000000eae80000)
 ParOldGen       total 109056K, used 107503K [0x00000000c0000000, 0x00000000c6a80000, 0x00000000eab00000)
  object space 109056K, 98% used [0x00000000c0000000,0x00000000c68fbc20,0x00000000c6a80000)
 Metaspace       used 88883K, committed 89984K, reserved 1130496K
  class space    used 9069K, committed 9600K, reserved 1048576K
}
Event: 42419.230 GC heap after
{Heap after GC invocations=9301 (full 82):
 PSYoungGen      total 2560K, used 192K [0x00000000eab00000, 0x00000000eae80000, 0x0000000100000000)
  eden space 2048K, 0% used [0x00000000eab00000,0x00000000eab00000,0x00000000ead00000)
  from space 512K, 37% used [0x00000000eae00000,0x00000000eae30000,0x00000000eae80000)
  to   space 512K, 0% used [0x00000000ead80000,0x00000000ead80000,0x00000000eae00000)
 ParOldGen       total 109056K, used 107807K [0x00000000c0000000, 0x00000000c6a80000, 0x00000000eab00000)
  object space 109056K, 98% used [0x00000000c0000000,0x00000000c6947c30,0x00000000c6a80000)
 Metaspace       used 88883K, committed 89984K, reserved 1130496K
  class space    used 9069K, committed 9600K, reserved 1048576K
}
Event: 42419.247 GC heap before
{Heap before GC invocations=9302 (full 82):
 PSYoungGen      total 2560K, used 2240K [0x00000000eab00000, 0x00000000eae80000, 0x0000000100000000)
  eden space 2048K, 100% used [0x00000000eab00000,0x00000000ead00000,0x00000000ead00000)
  from space 512K, 37% used [0x00000000eae00000,0x00000000eae30000,0x00000000eae80000)
  to   space 512K, 0% used [0x00000000ead80000,0x00000000ead80000,0x00000000eae00000)
 ParOldGen       total 109056K, used 107807K [0x00000000c0000000, 0x00000000c6a80000, 0x00000000eab00000)
  object space 109056K, 98% used [0x00000000c0000000,0x00000000c6947c30,0x00000000c6a80000)
 Metaspace       used 88883K, committed 89984K, reserved 1130496K
  class space    used 9069K, committed 9600K, reserved 1048576K
}
Event: 42419.248 GC heap after
{Heap after GC invocations=9302 (full 82):
 PSYoungGen      total 2560K, used 480K [0x00000000eab00000, 0x00000000eaf00000, 0x0000000100000000)
  eden space 2048K, 0% used [0x00000000eab00000,0x00000000eab00000,0x00000000ead00000)
  from space 512K, 93% used [0x00000000ead80000,0x00000000eadf8020,0x00000000eae00000)
  to   space 1024K, 0% used [0x00000000eae00000,0x00000000eae00000,0x00000000eaf00000)
 ParOldGen       total 109056K, used 107839K [0x00000000c0000000, 0x00000000c6a80000, 0x00000000eab00000)
  object space 109056K, 98% used [0x00000000c0000000,0x00000000c694fc30,0x00000000c6a80000)
 Metaspace       used 88883K, committed 89984K, reserved 1130496K
  class space    used 9069K, committed 9600K, reserved 1048576K
}
Event: 42419.288 GC heap before
{Heap before GC invocations=9303 (full 82):
 PSYoungGen      total 2560K, used 2528K [0x00000000eab00000, 0x00000000eaf00000, 0x0000000100000000)
  eden space 2048K, 99% used [0x00000000eab00000,0x00000000eacfffe8,0x00000000ead00000)
  from space 512K, 93% used [0x00000000ead80000,0x00000000eadf8020,0x00000000eae00000)
  to   space 1024K, 0% used [0x00000000eae00000,0x00000000eae00000,0x00000000eaf00000)
 ParOldGen       total 109056K, used 107839K [0x00000000c0000000, 0x00000000c6a80000, 0x00000000eab00000)
  object space 109056K, 98% used [0x00000000c0000000,0x00000000c694fc30,0x00000000c6a80000)
 Metaspace       used 88883K, committed 89984K, reserved 1130496K
  class space    used 9069K, committed 9600K, reserved 1048576K
}
Event: 42419.289 GC heap after
{Heap after GC invocations=9303 (full 82):
 PSYoungGen      total 3072K, used 640K [0x00000000eab00000, 0x00000000eaf00000, 0x0000000100000000)
  eden space 2048K, 0% used [0x00000000eab00000,0x00000000eab00000,0x00000000ead00000)
  from space 1024K, 62% used [0x00000000eae00000,0x00000000eaea0000,0x00000000eaf00000)
  to   space 1024K, 0% used [0x00000000ead00000,0x00000000ead00000,0x00000000eae00000)
 ParOldGen       total 109056K, used 108242K [0x00000000c0000000, 0x00000000c6a80000, 0x00000000eab00000)
  object space 109056K, 99% used [0x00000000c0000000,0x00000000c69b4ac8,0x00000000c6a80000)
 Metaspace       used 88883K, committed 89984K, reserved 1130496K
  class space    used 9069K, committed 9600K, reserved 1048576K
}
Event: 42419.304 GC heap before
{Heap before GC invocations=9304 (full 82):
 PSYoungGen      total 3072K, used 2688K [0x00000000eab00000, 0x00000000eaf00000, 0x0000000100000000)
  eden space 2048K, 100% used [0x00000000eab00000,0x00000000ead00000,0x00000000ead00000)
  from space 1024K, 62% used [0x00000000eae00000,0x00000000eaea0000,0x00000000eaf00000)
  to   space 1024K, 0% used [0x00000000ead00000,0x00000000ead00000,0x00000000eae00000)
 ParOldGen       total 109056K, used 108242K [0x00000000c0000000, 0x00000000c6a80000, 0x00000000eab00000)
  object space 109056K, 99% used [0x00000000c0000000,0x00000000c69b4ac8,0x00000000c6a80000)
 Metaspace       used 88883K, committed 89984K, reserved 1130496K
  class space    used 9069K, committed 9600K, reserved 1048576K
}
Event: 42419.306 GC heap after
{Heap after GC invocations=9304 (full 82):
 PSYoungGen      total 3072K, used 592K [0x00000000eab00000, 0x00000000eaf00000, 0x0000000100000000)
  eden space 2048K, 0% used [0x00000000eab00000,0x00000000eab00000,0x00000000ead00000)
  from space 1024K, 57% used [0x00000000ead00000,0x00000000ead94030,0x00000000eae00000)
  to   space 1024K, 0% used [0x00000000eae00000,0x00000000eae00000,0x00000000eaf00000)
 ParOldGen       total 109056K, used 108806K [0x00000000c0000000, 0x00000000c6a80000, 0x00000000eab00000)
  object space 109056K, 99% used [0x00000000c0000000,0x00000000c6a41960,0x00000000c6a80000)
 Metaspace       used 88883K, committed 89984K, reserved 1130496K
  class space    used 9069K, committed 9600K, reserved 1048576K
}
Event: 42419.306 GC heap before
{Heap before GC invocations=9305 (full 83):
 PSYoungGen      total 3072K, used 592K [0x00000000eab00000, 0x00000000eaf00000, 0x0000000100000000)
  eden space 2048K, 0% used [0x00000000eab00000,0x00000000eab00000,0x00000000ead00000)
  from space 1024K, 57% used [0x00000000ead00000,0x00000000ead94030,0x00000000eae00000)
  to   space 1024K, 0% used [0x00000000eae00000,0x00000000eae00000,0x00000000eaf00000)
 ParOldGen       total 109056K, used 108806K [0x00000000c0000000, 0x00000000c6a80000, 0x00000000eab00000)
  object space 109056K, 99% used [0x00000000c0000000,0x00000000c6a41960,0x00000000c6a80000)
 Metaspace       used 88883K, committed 89984K, reserved 1130496K
  class space    used 9069K, committed 9600K, reserved 1048576K
}

